<?xml version="1.0" encoding="UTF-8"?>
<testsuite name="com.bookfit.www.BackendApplicationTests" tests="1" skipped="0" failures="0" errors="0" timestamp="2025-06-08T14:12:27.874Z" hostname="DESKTOP-6G53L2H" time="2.109">
  <properties/>
  <testcase name="contextLoads()" classname="com.bookfit.www.BackendApplicationTests" time="2.109"/>
  <system-out><![CDATA[23:12:18.018 [Test worker] INFO org.springframework.test.context.support.AnnotationConfigContextLoaderUtils -- Could not detect default configuration classes for test class [com.bookfit.www.BackendApplicationTests]: BackendApplicationTests does not declare any static, non-private, non-final, nested classes annotated with @Configuration.
23:12:18.323 [Test worker] INFO org.springframework.boot.test.context.SpringBootTestContextBootstrapper -- Found @SpringBootConfiguration com.bookfit.www.BackendApplication for test class com.bookfit.www.BackendApplicationTests

  .   ____          _            __ _ _
 /\\ / ___'_ __ _ _(_)_ __  __ _ \ \ \ \
( ( )\___ | '_ | '_| | '_ \/ _` | \ \ \ \
 \\/  ___)| |_)| | | | | || (_| |  ) ) ) )
  '  |____| .__|_| |_|_| |_\__, | / / / /
 =========|_|==============|___/=/_/_/_/

 :: Spring Boot ::      (v3.3.13-SNAPSHOT)

2025-06-08T23:12:19.649+09:00  INFO 27444 --- [    Test worker] c.bookfit.www.BackendApplicationTests    : Starting BackendApplicationTests using Java 17.0.12 with PID 27444 (started by JEO in C:\Users\JEO\Desktop\bookfit\MapService\Backend)
2025-06-08T23:12:19.649+09:00  INFO 27444 --- [    Test worker] c.bookfit.www.BackendApplicationTests    : No active profile set, falling back to 1 default profile: "default"
2025-06-08T23:12:21.540+09:00  INFO 27444 --- [    Test worker] .s.d.r.c.RepositoryConfigurationDelegate : Bootstrapping Spring Data JPA repositories in DEFAULT mode.
2025-06-08T23:12:21.605+09:00  INFO 27444 --- [    Test worker] .s.d.r.c.RepositoryConfigurationDelegate : Finished Spring Data repository scanning in 38 ms. Found 0 JPA repository interfaces.
2025-06-08T23:12:22.596+09:00  INFO 27444 --- [    Test worker] o.hibernate.jpa.internal.util.LogHelper  : HHH000204: Processing PersistenceUnitInfo [name: default]
2025-06-08T23:12:22.808+09:00  INFO 27444 --- [    Test worker] org.hibernate.Version                    : HHH000412: Hibernate ORM core version 6.5.3.Final
2025-06-08T23:12:22.914+09:00  INFO 27444 --- [    Test worker] o.h.c.internal.RegionFactoryInitiator    : HHH000026: Second-level cache disabled
2025-06-08T23:12:23.765+09:00  INFO 27444 --- [    Test worker] o.s.o.j.p.SpringPersistenceUnitInfo      : No LoadTimeWeaver setup: ignoring JPA class transformer
2025-06-08T23:12:23.916+09:00  INFO 27444 --- [    Test worker] com.zaxxer.hikari.HikariDataSource       : HikariPool-1 - Starting...
2025-06-08T23:12:24.487+09:00  INFO 27444 --- [    Test worker] com.zaxxer.hikari.pool.HikariPool        : HikariPool-1 - Added connection org.postgresql.jdbc.PgConnection@2d4f67e
2025-06-08T23:12:24.493+09:00  INFO 27444 --- [    Test worker] com.zaxxer.hikari.HikariDataSource       : HikariPool-1 - Start completed.
2025-06-08T23:12:26.061+09:00  INFO 27444 --- [    Test worker] o.h.e.t.j.p.i.JtaPlatformInitiator       : HHH000489: No JTA platform available (set 'hibernate.transaction.jta.platform' to enable JTA platform integration)
2025-06-08T23:12:26.077+09:00  INFO 27444 --- [    Test worker] j.LocalContainerEntityManagerFactoryBean : Initialized JPA EntityManagerFactory for persistence unit 'default'
2025-06-08T23:12:26.598+09:00  WARN 27444 --- [    Test worker] JpaBaseConfiguration$JpaWebConfiguration : spring.jpa.open-in-view is enabled by default. Therefore, database queries may be performed during view rendering. Explicitly configure spring.jpa.open-in-view to disable this warning
2025-06-08T23:12:27.819+09:00  INFO 27444 --- [    Test worker] c.bookfit.www.BackendApplicationTests    : Started BackendApplicationTests in 9.037 seconds (process running for 13.069)
]]></system-out>
  <system-err><![CDATA[]]></system-err>
</testsuite>
